<?xml version="1.0" encoding="UTF-8"?>
<testsuite xmlns:xsi="http://www.w3.org/2001/XMLSchema-instance" xsi:noNamespaceSchemaLocation="https://maven.apache.org/surefire/maven-surefire-plugin/xsd/surefire-test-report-3.0.xsd" version="3.0" name="com.paymentchain.product.ProductApplicationTests" time="5.356" tests="1" errors="0" skipped="0" failures="0">
  <properties>
    <property name="sun.desktop" value="gnome"/>
    <property name="awt.toolkit" value="sun.awt.X11.XToolkit"/>
    <property name="java.specification.version" value="11"/>
    <property name="sun.cpu.isalist" value=""/>
    <property name="sun.jnu.encoding" value="UTF-8"/>
    <property name="java.class.path" value="/home/sotobotero/.m2/repository/org/apache/maven/surefire/surefire-booter/3.0.0-M5/surefire-booter-3.0.0-M5.jar:/home/sotobotero/.m2/repository/org/apache/maven/surefire/surefire-api/3.0.0-M5/surefire-api-3.0.0-M5.jar:/home/sotobotero/.m2/repository/org/apache/maven/surefire/surefire-logger-api/3.0.0-M5/surefire-logger-api-3.0.0-M5.jar:/home/sotobotero/.m2/repository/org/apache/maven/surefire/surefire-shared-utils/3.0.0-M4/surefire-shared-utils-3.0.0-M4.jar:/home/sotobotero/.m2/repository/org/apache/maven/surefire/surefire-extensions-spi/3.0.0-M5/surefire-extensions-spi-3.0.0-M5.jar:/home/sotobotero/workspace/repositories/personal/digitalthinking-projects/udemy/SpringBoot/paymentchainparenttmp/businessdomain/product/target/test-classes:/home/sotobotero/workspace/repositories/personal/digitalthinking-projects/udemy/SpringBoot/paymentchainparenttmp/businessdomain/product/target/classes:/home/sotobotero/.m2/repository/org/springframework/boot/spring-boot-starter-webflux/2.7.5/spring-boot-starter-webflux-2.7.5.jar:/home/sotobotero/.m2/repository/org/springframework/boot/spring-boot-starter-json/2.7.5/spring-boot-starter-json-2.7.5.jar:/home/sotobotero/.m2/repository/com/fasterxml/jackson/core/jackson-databind/2.13.4.2/jackson-databind-2.13.4.2.jar:/home/sotobotero/.m2/repository/com/fasterxml/jackson/core/jackson-annotations/2.13.4/jackson-annotations-2.13.4.jar:/home/sotobotero/.m2/repository/com/fasterxml/jackson/datatype/jackson-datatype-jdk8/2.13.4/jackson-datatype-jdk8-2.13.4.jar:/home/sotobotero/.m2/repository/com/fasterxml/jackson/datatype/jackson-datatype-jsr310/2.13.4/jackson-datatype-jsr310-2.13.4.jar:/home/sotobotero/.m2/repository/com/fasterxml/jackson/module/jackson-module-parameter-names/2.13.4/jackson-module-parameter-names-2.13.4.jar:/home/sotobotero/.m2/repository/org/springframework/boot/spring-boot-starter-reactor-netty/2.7.5/spring-boot-starter-reactor-netty-2.7.5.jar:/home/sotobotero/.m2/repository/io/projectreactor/netty/reactor-netty-http/1.0.24/reactor-netty-http-1.0.24.jar:/home/sotobotero/.m2/repository/io/netty/netty-codec-http/4.1.84.Final/netty-codec-http-4.1.84.Final.jar:/home/sotobotero/.m2/repository/io/netty/netty-common/4.1.84.Final/netty-common-4.1.84.Final.jar:/home/sotobotero/.m2/repository/io/netty/netty-buffer/4.1.84.Final/netty-buffer-4.1.84.Final.jar:/home/sotobotero/.m2/repository/io/netty/netty-transport/4.1.84.Final/netty-transport-4.1.84.Final.jar:/home/sotobotero/.m2/repository/io/netty/netty-codec/4.1.84.Final/netty-codec-4.1.84.Final.jar:/home/sotobotero/.m2/repository/io/netty/netty-handler/4.1.84.Final/netty-handler-4.1.84.Final.jar:/home/sotobotero/.m2/repository/io/netty/netty-codec-http2/4.1.84.Final/netty-codec-http2-4.1.84.Final.jar:/home/sotobotero/.m2/repository/io/netty/netty-resolver-dns/4.1.84.Final/netty-resolver-dns-4.1.84.Final.jar:/home/sotobotero/.m2/repository/io/netty/netty-resolver/4.1.84.Final/netty-resolver-4.1.84.Final.jar:/home/sotobotero/.m2/repository/io/netty/netty-codec-dns/4.1.84.Final/netty-codec-dns-4.1.84.Final.jar:/home/sotobotero/.m2/repository/io/netty/netty-resolver-dns-native-macos/4.1.84.Final/netty-resolver-dns-native-macos-4.1.84.Final-osx-x86_64.jar:/home/sotobotero/.m2/repository/io/netty/netty-resolver-dns-classes-macos/4.1.84.Final/netty-resolver-dns-classes-macos-4.1.84.Final.jar:/home/sotobotero/.m2/repository/io/netty/netty-transport-native-epoll/4.1.84.Final/netty-transport-native-epoll-4.1.84.Final-linux-x86_64.jar:/home/sotobotero/.m2/repository/io/netty/netty-transport-native-unix-common/4.1.84.Final/netty-transport-native-unix-common-4.1.84.Final.jar:/home/sotobotero/.m2/repository/io/netty/netty-transport-classes-epoll/4.1.84.Final/netty-transport-classes-epoll-4.1.84.Final.jar:/home/sotobotero/.m2/repository/io/projectreactor/netty/reactor-netty-core/1.0.24/reactor-netty-core-1.0.24.jar:/home/sotobotero/.m2/repository/io/netty/netty-handler-proxy/4.1.84.Final/netty-handler-proxy-4.1.84.Final.jar:/home/sotobotero/.m2/repository/io/netty/netty-codec-socks/4.1.84.Final/netty-codec-socks-4.1.84.Final.jar:/home/sotobotero/.m2/repository/org/springframework/spring-web/5.3.23/spring-web-5.3.23.jar:/home/sotobotero/.m2/repository/org/springframework/spring-beans/5.3.23/spring-beans-5.3.23.jar:/home/sotobotero/.m2/repository/org/springframework/spring-webflux/5.3.23/spring-webflux-5.3.23.jar:/home/sotobotero/.m2/repository/io/projectreactor/reactor-core/3.4.24/reactor-core-3.4.24.jar:/home/sotobotero/.m2/repository/org/reactivestreams/reactive-streams/1.0.4/reactive-streams-1.0.4.jar:/home/sotobotero/.m2/repository/org/springframework/boot/spring-boot-starter-hateoas/2.7.5/spring-boot-starter-hateoas-2.7.5.jar:/home/sotobotero/.m2/repository/org/springframework/hateoas/spring-hateoas/1.5.2/spring-hateoas-1.5.2.jar:/home/sotobotero/.m2/repository/org/springframework/spring-aop/5.3.23/spring-aop-5.3.23.jar:/home/sotobotero/.m2/repository/org/springframework/spring-context/5.3.23/spring-context-5.3.23.jar:/home/sotobotero/.m2/repository/org/springframework/plugin/spring-plugin-core/2.0.0.RELEASE/spring-plugin-core-2.0.0.RELEASE.jar:/home/sotobotero/.m2/repository/org/slf4j/slf4j-api/1.7.36/slf4j-api-1.7.36.jar:/home/sotobotero/.m2/repository/org/springframework/boot/spring-boot-starter-data-jpa/2.7.5/spring-boot-starter-data-jpa-2.7.5.jar:/home/sotobotero/.m2/repository/org/springframework/boot/spring-boot-starter-aop/2.7.5/spring-boot-starter-aop-2.7.5.jar:/home/sotobotero/.m2/repository/org/aspectj/aspectjweaver/1.9.7/aspectjweaver-1.9.7.jar:/home/sotobotero/.m2/repository/org/springframework/boot/spring-boot-starter-jdbc/2.7.5/spring-boot-starter-jdbc-2.7.5.jar:/home/sotobotero/.m2/repository/com/zaxxer/HikariCP/4.0.3/HikariCP-4.0.3.jar:/home/sotobotero/.m2/repository/org/springframework/spring-jdbc/5.3.23/spring-jdbc-5.3.23.jar:/home/sotobotero/.m2/repository/jakarta/transaction/jakarta.transaction-api/1.3.3/jakarta.transaction-api-1.3.3.jar:/home/sotobotero/.m2/repository/jakarta/persistence/jakarta.persistence-api/2.2.3/jakarta.persistence-api-2.2.3.jar:/home/sotobotero/.m2/repository/org/hibernate/hibernate-core/5.6.12.Final/hibernate-core-5.6.12.Final.jar:/home/sotobotero/.m2/repository/org/jboss/logging/jboss-logging/3.4.3.Final/jboss-logging-3.4.3.Final.jar:/home/sotobotero/.m2/repository/antlr/antlr/2.7.7/antlr-2.7.7.jar:/home/sotobotero/.m2/repository/org/jboss/jandex/2.4.2.Final/jandex-2.4.2.Final.jar:/home/sotobotero/.m2/repository/com/fasterxml/classmate/1.5.1/classmate-1.5.1.jar:/home/sotobotero/.m2/repository/org/hibernate/common/hibernate-commons-annotations/5.1.2.Final/hibernate-commons-annotations-5.1.2.Final.jar:/home/sotobotero/.m2/repository/org/glassfish/jaxb/jaxb-runtime/2.3.7/jaxb-runtime-2.3.7.jar:/home/sotobotero/.m2/repository/org/glassfish/jaxb/txw2/2.3.7/txw2-2.3.7.jar:/home/sotobotero/.m2/repository/com/sun/istack/istack-commons-runtime/3.0.12/istack-commons-runtime-3.0.12.jar:/home/sotobotero/.m2/repository/com/sun/activation/jakarta.activation/1.2.2/jakarta.activation-1.2.2.jar:/home/sotobotero/.m2/repository/org/springframework/data/spring-data-jpa/2.7.5/spring-data-jpa-2.7.5.jar:/home/sotobotero/.m2/repository/org/springframework/data/spring-data-commons/2.7.5/spring-data-commons-2.7.5.jar:/home/sotobotero/.m2/repository/org/springframework/spring-orm/5.3.23/spring-orm-5.3.23.jar:/home/sotobotero/.m2/repository/org/springframework/spring-tx/5.3.23/spring-tx-5.3.23.jar:/home/sotobotero/.m2/repository/org/springframework/spring-aspects/5.3.23/spring-aspects-5.3.23.jar:/home/sotobotero/.m2/repository/org/postgresql/postgresql/42.5.0/postgresql-42.5.0.jar:/home/sotobotero/.m2/repository/org/checkerframework/checker-qual/3.5.0/checker-qual-3.5.0.jar:/home/sotobotero/.m2/repository/com/h2database/h2/2.1.214/h2-2.1.214.jar:/home/sotobotero/.m2/repository/org/springframework/boot/spring-boot-starter-web/2.7.5/spring-boot-starter-web-2.7.5.jar:/home/sotobotero/.m2/repository/org/springframework/boot/spring-boot-starter-tomcat/2.7.5/spring-boot-starter-tomcat-2.7.5.jar:/home/sotobotero/.m2/repository/org/apache/tomcat/embed/tomcat-embed-core/9.0.68/tomcat-embed-core-9.0.68.jar:/home/sotobotero/.m2/repository/org/apache/tomcat/embed/tomcat-embed-el/9.0.68/tomcat-embed-el-9.0.68.jar:/home/sotobotero/.m2/repository/org/apache/tomcat/embed/tomcat-embed-websocket/9.0.68/tomcat-embed-websocket-9.0.68.jar:/home/sotobotero/.m2/repository/org/springframework/spring-webmvc/5.3.23/spring-webmvc-5.3.23.jar:/home/sotobotero/.m2/repository/org/springframework/spring-expression/5.3.23/spring-expression-5.3.23.jar:/home/sotobotero/.m2/repository/javax/validation/validation-api/2.0.1.Final/validation-api-2.0.1.Final.jar:/home/sotobotero/.m2/repository/org/springdoc/springdoc-openapi-ui/1.6.12/springdoc-openapi-ui-1.6.12.jar:/home/sotobotero/.m2/repository/org/springdoc/springdoc-openapi-webmvc-core/1.6.12/springdoc-openapi-webmvc-core-1.6.12.jar:/home/sotobotero/.m2/repository/org/springdoc/springdoc-openapi-common/1.6.12/springdoc-openapi-common-1.6.12.jar:/home/sotobotero/.m2/repository/io/swagger/core/v3/swagger-core/2.2.4/swagger-core-2.2.4.jar:/home/sotobotero/.m2/repository/com/fasterxml/jackson/dataformat/jackson-dataformat-yaml/2.13.4/jackson-dataformat-yaml-2.13.4.jar:/home/sotobotero/.m2/repository/io/swagger/core/v3/swagger-annotations/2.2.4/swagger-annotations-2.2.4.jar:/home/sotobotero/.m2/repository/io/swagger/core/v3/swagger-models/2.2.4/swagger-models-2.2.4.jar:/home/sotobotero/.m2/repository/jakarta/validation/jakarta.validation-api/2.0.2/jakarta.validation-api-2.0.2.jar:/home/sotobotero/.m2/repository/org/webjars/swagger-ui/4.14.3/swagger-ui-4.14.3.jar:/home/sotobotero/.m2/repository/org/webjars/webjars-locator-core/0.50/webjars-locator-core-0.50.jar:/home/sotobotero/.m2/repository/com/fasterxml/jackson/core/jackson-core/2.13.4/jackson-core-2.13.4.jar:/home/sotobotero/.m2/repository/io/github/classgraph/classgraph/4.8.149/classgraph-4.8.149.jar:/home/sotobotero/.m2/repository/org/projectlombok/lombok/1.18.24/lombok-1.18.24.jar:/home/sotobotero/.m2/repository/org/mapstruct/mapstruct-jdk8/1.5.3.Final/mapstruct-jdk8-1.5.3.Final.jar:/home/sotobotero/.m2/repository/org/mockito/mockito-core/3.5.11/mockito-core-3.5.11.jar:/home/sotobotero/.m2/repository/net/bytebuddy/byte-buddy/1.12.18/byte-buddy-1.12.18.jar:/home/sotobotero/.m2/repository/net/bytebuddy/byte-buddy-agent/1.12.18/byte-buddy-agent-1.12.18.jar:/home/sotobotero/.m2/repository/org/objenesis/objenesis/3.1/objenesis-3.1.jar:/home/sotobotero/.m2/repository/com/github/javafaker/javafaker/1.0.2/javafaker-1.0.2.jar:/home/sotobotero/.m2/repository/org/apache/commons/commons-lang3/3.12.0/commons-lang3-3.12.0.jar:/home/sotobotero/.m2/repository/org/yaml/snakeyaml/1.23/snakeyaml-1.23-android.jar:/home/sotobotero/.m2/repository/com/github/mifmif/generex/1.0.2/generex-1.0.2.jar:/home/sotobotero/.m2/repository/dk/brics/automaton/automaton/1.11-8/automaton-1.11-8.jar:/home/sotobotero/.m2/repository/org/springframework/boot/spring-boot-starter/2.7.5/spring-boot-starter-2.7.5.jar:/home/sotobotero/.m2/repository/org/springframework/boot/spring-boot/2.7.5/spring-boot-2.7.5.jar:/home/sotobotero/.m2/repository/org/springframework/boot/spring-boot-autoconfigure/2.7.5/spring-boot-autoconfigure-2.7.5.jar:/home/sotobotero/.m2/repository/org/springframework/boot/spring-boot-starter-logging/2.7.5/spring-boot-starter-logging-2.7.5.jar:/home/sotobotero/.m2/repository/ch/qos/logback/logback-classic/1.2.11/logback-classic-1.2.11.jar:/home/sotobotero/.m2/repository/ch/qos/logback/logback-core/1.2.11/logback-core-1.2.11.jar:/home/sotobotero/.m2/repository/org/apache/logging/log4j/log4j-to-slf4j/2.17.2/log4j-to-slf4j-2.17.2.jar:/home/sotobotero/.m2/repository/org/apache/logging/log4j/log4j-api/2.17.2/log4j-api-2.17.2.jar:/home/sotobotero/.m2/repository/org/slf4j/jul-to-slf4j/1.7.36/jul-to-slf4j-1.7.36.jar:/home/sotobotero/.m2/repository/jakarta/annotation/jakarta.annotation-api/1.3.5/jakarta.annotation-api-1.3.5.jar:/home/sotobotero/.m2/repository/org/springframework/spring-core/5.3.23/spring-core-5.3.23.jar:/home/sotobotero/.m2/repository/org/springframework/spring-jcl/5.3.23/spring-jcl-5.3.23.jar:/home/sotobotero/.m2/repository/org/yaml/snakeyaml/1.30/snakeyaml-1.30.jar:/home/sotobotero/.m2/repository/org/springframework/boot/spring-boot-devtools/2.7.5/spring-boot-devtools-2.7.5.jar:/home/sotobotero/.m2/repository/org/springframework/boot/spring-boot-starter-test/2.7.5/spring-boot-starter-test-2.7.5.jar:/home/sotobotero/.m2/repository/org/springframework/boot/spring-boot-test/2.7.5/spring-boot-test-2.7.5.jar:/home/sotobotero/.m2/repository/org/springframework/boot/spring-boot-test-autoconfigure/2.7.5/spring-boot-test-autoconfigure-2.7.5.jar:/home/sotobotero/.m2/repository/com/jayway/jsonpath/json-path/2.7.0/json-path-2.7.0.jar:/home/sotobotero/.m2/repository/net/minidev/json-smart/2.4.8/json-smart-2.4.8.jar:/home/sotobotero/.m2/repository/net/minidev/accessors-smart/2.4.8/accessors-smart-2.4.8.jar:/home/sotobotero/.m2/repository/org/ow2/asm/asm/9.1/asm-9.1.jar:/home/sotobotero/.m2/repository/jakarta/xml/bind/jakarta.xml.bind-api/2.3.3/jakarta.xml.bind-api-2.3.3.jar:/home/sotobotero/.m2/repository/jakarta/activation/jakarta.activation-api/1.2.2/jakarta.activation-api-1.2.2.jar:/home/sotobotero/.m2/repository/org/assertj/assertj-core/3.22.0/assertj-core-3.22.0.jar:/home/sotobotero/.m2/repository/org/hamcrest/hamcrest/2.2/hamcrest-2.2.jar:/home/sotobotero/.m2/repository/org/junit/jupiter/junit-jupiter/5.8.2/junit-jupiter-5.8.2.jar:/home/sotobotero/.m2/repository/org/junit/jupiter/junit-jupiter-api/5.8.2/junit-jupiter-api-5.8.2.jar:/home/sotobotero/.m2/repository/org/opentest4j/opentest4j/1.2.0/opentest4j-1.2.0.jar:/home/sotobotero/.m2/repository/org/junit/platform/junit-platform-commons/1.8.2/junit-platform-commons-1.8.2.jar:/home/sotobotero/.m2/repository/org/apiguardian/apiguardian-api/1.1.2/apiguardian-api-1.1.2.jar:/home/sotobotero/.m2/repository/org/junit/jupiter/junit-jupiter-params/5.8.2/junit-jupiter-params-5.8.2.jar:/home/sotobotero/.m2/repository/org/junit/jupiter/junit-jupiter-engine/5.8.2/junit-jupiter-engine-5.8.2.jar:/home/sotobotero/.m2/repository/org/junit/platform/junit-platform-engine/1.8.2/junit-platform-engine-1.8.2.jar:/home/sotobotero/.m2/repository/org/mockito/mockito-junit-jupiter/4.5.1/mockito-junit-jupiter-4.5.1.jar:/home/sotobotero/.m2/repository/org/skyscreamer/jsonassert/1.5.1/jsonassert-1.5.1.jar:/home/sotobotero/.m2/repository/com/vaadin/external/google/android-json/0.0.20131108.vaadin1/android-json-0.0.20131108.vaadin1.jar:/home/sotobotero/.m2/repository/org/springframework/spring-test/5.3.23/spring-test-5.3.23.jar:/home/sotobotero/.m2/repository/org/xmlunit/xmlunit-core/2.9.0/xmlunit-core-2.9.0.jar:/home/sotobotero/.m2/repository/org/apache/maven/surefire/surefire-junit-platform/3.0.0-M5/surefire-junit-platform-3.0.0-M5.jar:/home/sotobotero/.m2/repository/org/apache/maven/surefire/common-java5/3.0.0-M5/common-java5-3.0.0-M5.jar:/home/sotobotero/.m2/repository/org/junit/platform/junit-platform-launcher/1.8.2/junit-platform-launcher-1.8.2.jar"/>
    <property name="java.vm.vendor" value="Oracle Corporation"/>
    <property name="sun.arch.data.model" value="64"/>
    <property name="java.vendor.url" value="http://java.oracle.com/"/>
    <property name="user.timezone" value="Europe/Madrid"/>
    <property name="java.vm.specification.version" value="11"/>
    <property name="os.name" value="Linux"/>
    <property name="user.country" value="US"/>
    <property name="sun.java.launcher" value="SUN_STANDARD"/>
    <property name="sun.boot.library.path" value="/opt/jdk-11.0.2/lib"/>
    <property name="sun.java.command" value="org.apache.maven.surefire.booter.ForkedBooter /home/sotobotero/workspace/repositories/personal/digitalthinking-projects/udemy/SpringBoot/paymentchainparenttmp/businessdomain/product/target/surefire 2022-11-10T12-22-41_552-jvmRun1 surefire2563354602702989898tmp surefire_16140349499248958460tmp"/>
    <property name="jdk.debug" value="release"/>
    <property name="surefire.test.class.path" value="/home/sotobotero/workspace/repositories/personal/digitalthinking-projects/udemy/SpringBoot/paymentchainparenttmp/businessdomain/product/target/test-classes:/home/sotobotero/workspace/repositories/personal/digitalthinking-projects/udemy/SpringBoot/paymentchainparenttmp/businessdomain/product/target/classes:/home/sotobotero/.m2/repository/org/springframework/boot/spring-boot-starter-webflux/2.7.5/spring-boot-starter-webflux-2.7.5.jar:/home/sotobotero/.m2/repository/org/springframework/boot/spring-boot-starter-json/2.7.5/spring-boot-starter-json-2.7.5.jar:/home/sotobotero/.m2/repository/com/fasterxml/jackson/core/jackson-databind/2.13.4.2/jackson-databind-2.13.4.2.jar:/home/sotobotero/.m2/repository/com/fasterxml/jackson/core/jackson-annotations/2.13.4/jackson-annotations-2.13.4.jar:/home/sotobotero/.m2/repository/com/fasterxml/jackson/datatype/jackson-datatype-jdk8/2.13.4/jackson-datatype-jdk8-2.13.4.jar:/home/sotobotero/.m2/repository/com/fasterxml/jackson/datatype/jackson-datatype-jsr310/2.13.4/jackson-datatype-jsr310-2.13.4.jar:/home/sotobotero/.m2/repository/com/fasterxml/jackson/module/jackson-module-parameter-names/2.13.4/jackson-module-parameter-names-2.13.4.jar:/home/sotobotero/.m2/repository/org/springframework/boot/spring-boot-starter-reactor-netty/2.7.5/spring-boot-starter-reactor-netty-2.7.5.jar:/home/sotobotero/.m2/repository/io/projectreactor/netty/reactor-netty-http/1.0.24/reactor-netty-http-1.0.24.jar:/home/sotobotero/.m2/repository/io/netty/netty-codec-http/4.1.84.Final/netty-codec-http-4.1.84.Final.jar:/home/sotobotero/.m2/repository/io/netty/netty-common/4.1.84.Final/netty-common-4.1.84.Final.jar:/home/sotobotero/.m2/repository/io/netty/netty-buffer/4.1.84.Final/netty-buffer-4.1.84.Final.jar:/home/sotobotero/.m2/repository/io/netty/netty-transport/4.1.84.Final/netty-transport-4.1.84.Final.jar:/home/sotobotero/.m2/repository/io/netty/netty-codec/4.1.84.Final/netty-codec-4.1.84.Final.jar:/home/sotobotero/.m2/repository/io/netty/netty-handler/4.1.84.Final/netty-handler-4.1.84.Final.jar:/home/sotobotero/.m2/repository/io/netty/netty-codec-http2/4.1.84.Final/netty-codec-http2-4.1.84.Final.jar:/home/sotobotero/.m2/repository/io/netty/netty-resolver-dns/4.1.84.Final/netty-resolver-dns-4.1.84.Final.jar:/home/sotobotero/.m2/repository/io/netty/netty-resolver/4.1.84.Final/netty-resolver-4.1.84.Final.jar:/home/sotobotero/.m2/repository/io/netty/netty-codec-dns/4.1.84.Final/netty-codec-dns-4.1.84.Final.jar:/home/sotobotero/.m2/repository/io/netty/netty-resolver-dns-native-macos/4.1.84.Final/netty-resolver-dns-native-macos-4.1.84.Final-osx-x86_64.jar:/home/sotobotero/.m2/repository/io/netty/netty-resolver-dns-classes-macos/4.1.84.Final/netty-resolver-dns-classes-macos-4.1.84.Final.jar:/home/sotobotero/.m2/repository/io/netty/netty-transport-native-epoll/4.1.84.Final/netty-transport-native-epoll-4.1.84.Final-linux-x86_64.jar:/home/sotobotero/.m2/repository/io/netty/netty-transport-native-unix-common/4.1.84.Final/netty-transport-native-unix-common-4.1.84.Final.jar:/home/sotobotero/.m2/repository/io/netty/netty-transport-classes-epoll/4.1.84.Final/netty-transport-classes-epoll-4.1.84.Final.jar:/home/sotobotero/.m2/repository/io/projectreactor/netty/reactor-netty-core/1.0.24/reactor-netty-core-1.0.24.jar:/home/sotobotero/.m2/repository/io/netty/netty-handler-proxy/4.1.84.Final/netty-handler-proxy-4.1.84.Final.jar:/home/sotobotero/.m2/repository/io/netty/netty-codec-socks/4.1.84.Final/netty-codec-socks-4.1.84.Final.jar:/home/sotobotero/.m2/repository/org/springframework/spring-web/5.3.23/spring-web-5.3.23.jar:/home/sotobotero/.m2/repository/org/springframework/spring-beans/5.3.23/spring-beans-5.3.23.jar:/home/sotobotero/.m2/repository/org/springframework/spring-webflux/5.3.23/spring-webflux-5.3.23.jar:/home/sotobotero/.m2/repository/io/projectreactor/reactor-core/3.4.24/reactor-core-3.4.24.jar:/home/sotobotero/.m2/repository/org/reactivestreams/reactive-streams/1.0.4/reactive-streams-1.0.4.jar:/home/sotobotero/.m2/repository/org/springframework/boot/spring-boot-starter-hateoas/2.7.5/spring-boot-starter-hateoas-2.7.5.jar:/home/sotobotero/.m2/repository/org/springframework/hateoas/spring-hateoas/1.5.2/spring-hateoas-1.5.2.jar:/home/sotobotero/.m2/repository/org/springframework/spring-aop/5.3.23/spring-aop-5.3.23.jar:/home/sotobotero/.m2/repository/org/springframework/spring-context/5.3.23/spring-context-5.3.23.jar:/home/sotobotero/.m2/repository/org/springframework/plugin/spring-plugin-core/2.0.0.RELEASE/spring-plugin-core-2.0.0.RELEASE.jar:/home/sotobotero/.m2/repository/org/slf4j/slf4j-api/1.7.36/slf4j-api-1.7.36.jar:/home/sotobotero/.m2/repository/org/springframework/boot/spring-boot-starter-data-jpa/2.7.5/spring-boot-starter-data-jpa-2.7.5.jar:/home/sotobotero/.m2/repository/org/springframework/boot/spring-boot-starter-aop/2.7.5/spring-boot-starter-aop-2.7.5.jar:/home/sotobotero/.m2/repository/org/aspectj/aspectjweaver/1.9.7/aspectjweaver-1.9.7.jar:/home/sotobotero/.m2/repository/org/springframework/boot/spring-boot-starter-jdbc/2.7.5/spring-boot-starter-jdbc-2.7.5.jar:/home/sotobotero/.m2/repository/com/zaxxer/HikariCP/4.0.3/HikariCP-4.0.3.jar:/home/sotobotero/.m2/repository/org/springframework/spring-jdbc/5.3.23/spring-jdbc-5.3.23.jar:/home/sotobotero/.m2/repository/jakarta/transaction/jakarta.transaction-api/1.3.3/jakarta.transaction-api-1.3.3.jar:/home/sotobotero/.m2/repository/jakarta/persistence/jakarta.persistence-api/2.2.3/jakarta.persistence-api-2.2.3.jar:/home/sotobotero/.m2/repository/org/hibernate/hibernate-core/5.6.12.Final/hibernate-core-5.6.12.Final.jar:/home/sotobotero/.m2/repository/org/jboss/logging/jboss-logging/3.4.3.Final/jboss-logging-3.4.3.Final.jar:/home/sotobotero/.m2/repository/antlr/antlr/2.7.7/antlr-2.7.7.jar:/home/sotobotero/.m2/repository/org/jboss/jandex/2.4.2.Final/jandex-2.4.2.Final.jar:/home/sotobotero/.m2/repository/com/fasterxml/classmate/1.5.1/classmate-1.5.1.jar:/home/sotobotero/.m2/repository/org/hibernate/common/hibernate-commons-annotations/5.1.2.Final/hibernate-commons-annotations-5.1.2.Final.jar:/home/sotobotero/.m2/repository/org/glassfish/jaxb/jaxb-runtime/2.3.7/jaxb-runtime-2.3.7.jar:/home/sotobotero/.m2/repository/org/glassfish/jaxb/txw2/2.3.7/txw2-2.3.7.jar:/home/sotobotero/.m2/repository/com/sun/istack/istack-commons-runtime/3.0.12/istack-commons-runtime-3.0.12.jar:/home/sotobotero/.m2/repository/com/sun/activation/jakarta.activation/1.2.2/jakarta.activation-1.2.2.jar:/home/sotobotero/.m2/repository/org/springframework/data/spring-data-jpa/2.7.5/spring-data-jpa-2.7.5.jar:/home/sotobotero/.m2/repository/org/springframework/data/spring-data-commons/2.7.5/spring-data-commons-2.7.5.jar:/home/sotobotero/.m2/repository/org/springframework/spring-orm/5.3.23/spring-orm-5.3.23.jar:/home/sotobotero/.m2/repository/org/springframework/spring-tx/5.3.23/spring-tx-5.3.23.jar:/home/sotobotero/.m2/repository/org/springframework/spring-aspects/5.3.23/spring-aspects-5.3.23.jar:/home/sotobotero/.m2/repository/org/postgresql/postgresql/42.5.0/postgresql-42.5.0.jar:/home/sotobotero/.m2/repository/org/checkerframework/checker-qual/3.5.0/checker-qual-3.5.0.jar:/home/sotobotero/.m2/repository/com/h2database/h2/2.1.214/h2-2.1.214.jar:/home/sotobotero/.m2/repository/org/springframework/boot/spring-boot-starter-web/2.7.5/spring-boot-starter-web-2.7.5.jar:/home/sotobotero/.m2/repository/org/springframework/boot/spring-boot-starter-tomcat/2.7.5/spring-boot-starter-tomcat-2.7.5.jar:/home/sotobotero/.m2/repository/org/apache/tomcat/embed/tomcat-embed-core/9.0.68/tomcat-embed-core-9.0.68.jar:/home/sotobotero/.m2/repository/org/apache/tomcat/embed/tomcat-embed-el/9.0.68/tomcat-embed-el-9.0.68.jar:/home/sotobotero/.m2/repository/org/apache/tomcat/embed/tomcat-embed-websocket/9.0.68/tomcat-embed-websocket-9.0.68.jar:/home/sotobotero/.m2/repository/org/springframework/spring-webmvc/5.3.23/spring-webmvc-5.3.23.jar:/home/sotobotero/.m2/repository/org/springframework/spring-expression/5.3.23/spring-expression-5.3.23.jar:/home/sotobotero/.m2/repository/javax/validation/validation-api/2.0.1.Final/validation-api-2.0.1.Final.jar:/home/sotobotero/.m2/repository/org/springdoc/springdoc-openapi-ui/1.6.12/springdoc-openapi-ui-1.6.12.jar:/home/sotobotero/.m2/repository/org/springdoc/springdoc-openapi-webmvc-core/1.6.12/springdoc-openapi-webmvc-core-1.6.12.jar:/home/sotobotero/.m2/repository/org/springdoc/springdoc-openapi-common/1.6.12/springdoc-openapi-common-1.6.12.jar:/home/sotobotero/.m2/repository/io/swagger/core/v3/swagger-core/2.2.4/swagger-core-2.2.4.jar:/home/sotobotero/.m2/repository/com/fasterxml/jackson/dataformat/jackson-dataformat-yaml/2.13.4/jackson-dataformat-yaml-2.13.4.jar:/home/sotobotero/.m2/repository/io/swagger/core/v3/swagger-annotations/2.2.4/swagger-annotations-2.2.4.jar:/home/sotobotero/.m2/repository/io/swagger/core/v3/swagger-models/2.2.4/swagger-models-2.2.4.jar:/home/sotobotero/.m2/repository/jakarta/validation/jakarta.validation-api/2.0.2/jakarta.validation-api-2.0.2.jar:/home/sotobotero/.m2/repository/org/webjars/swagger-ui/4.14.3/swagger-ui-4.14.3.jar:/home/sotobotero/.m2/repository/org/webjars/webjars-locator-core/0.50/webjars-locator-core-0.50.jar:/home/sotobotero/.m2/repository/com/fasterxml/jackson/core/jackson-core/2.13.4/jackson-core-2.13.4.jar:/home/sotobotero/.m2/repository/io/github/classgraph/classgraph/4.8.149/classgraph-4.8.149.jar:/home/sotobotero/.m2/repository/org/projectlombok/lombok/1.18.24/lombok-1.18.24.jar:/home/sotobotero/.m2/repository/org/mapstruct/mapstruct-jdk8/1.5.3.Final/mapstruct-jdk8-1.5.3.Final.jar:/home/sotobotero/.m2/repository/org/mockito/mockito-core/3.5.11/mockito-core-3.5.11.jar:/home/sotobotero/.m2/repository/net/bytebuddy/byte-buddy/1.12.18/byte-buddy-1.12.18.jar:/home/sotobotero/.m2/repository/net/bytebuddy/byte-buddy-agent/1.12.18/byte-buddy-agent-1.12.18.jar:/home/sotobotero/.m2/repository/org/objenesis/objenesis/3.1/objenesis-3.1.jar:/home/sotobotero/.m2/repository/com/github/javafaker/javafaker/1.0.2/javafaker-1.0.2.jar:/home/sotobotero/.m2/repository/org/apache/commons/commons-lang3/3.12.0/commons-lang3-3.12.0.jar:/home/sotobotero/.m2/repository/org/yaml/snakeyaml/1.23/snakeyaml-1.23-android.jar:/home/sotobotero/.m2/repository/com/github/mifmif/generex/1.0.2/generex-1.0.2.jar:/home/sotobotero/.m2/repository/dk/brics/automaton/automaton/1.11-8/automaton-1.11-8.jar:/home/sotobotero/.m2/repository/org/springframework/boot/spring-boot-starter/2.7.5/spring-boot-starter-2.7.5.jar:/home/sotobotero/.m2/repository/org/springframework/boot/spring-boot/2.7.5/spring-boot-2.7.5.jar:/home/sotobotero/.m2/repository/org/springframework/boot/spring-boot-autoconfigure/2.7.5/spring-boot-autoconfigure-2.7.5.jar:/home/sotobotero/.m2/repository/org/springframework/boot/spring-boot-starter-logging/2.7.5/spring-boot-starter-logging-2.7.5.jar:/home/sotobotero/.m2/repository/ch/qos/logback/logback-classic/1.2.11/logback-classic-1.2.11.jar:/home/sotobotero/.m2/repository/ch/qos/logback/logback-core/1.2.11/logback-core-1.2.11.jar:/home/sotobotero/.m2/repository/org/apache/logging/log4j/log4j-to-slf4j/2.17.2/log4j-to-slf4j-2.17.2.jar:/home/sotobotero/.m2/repository/org/apache/logging/log4j/log4j-api/2.17.2/log4j-api-2.17.2.jar:/home/sotobotero/.m2/repository/org/slf4j/jul-to-slf4j/1.7.36/jul-to-slf4j-1.7.36.jar:/home/sotobotero/.m2/repository/jakarta/annotation/jakarta.annotation-api/1.3.5/jakarta.annotation-api-1.3.5.jar:/home/sotobotero/.m2/repository/org/springframework/spring-core/5.3.23/spring-core-5.3.23.jar:/home/sotobotero/.m2/repository/org/springframework/spring-jcl/5.3.23/spring-jcl-5.3.23.jar:/home/sotobotero/.m2/repository/org/yaml/snakeyaml/1.30/snakeyaml-1.30.jar:/home/sotobotero/.m2/repository/org/springframework/boot/spring-boot-devtools/2.7.5/spring-boot-devtools-2.7.5.jar:/home/sotobotero/.m2/repository/org/springframework/boot/spring-boot-starter-test/2.7.5/spring-boot-starter-test-2.7.5.jar:/home/sotobotero/.m2/repository/org/springframework/boot/spring-boot-test/2.7.5/spring-boot-test-2.7.5.jar:/home/sotobotero/.m2/repository/org/springframework/boot/spring-boot-test-autoconfigure/2.7.5/spring-boot-test-autoconfigure-2.7.5.jar:/home/sotobotero/.m2/repository/com/jayway/jsonpath/json-path/2.7.0/json-path-2.7.0.jar:/home/sotobotero/.m2/repository/net/minidev/json-smart/2.4.8/json-smart-2.4.8.jar:/home/sotobotero/.m2/repository/net/minidev/accessors-smart/2.4.8/accessors-smart-2.4.8.jar:/home/sotobotero/.m2/repository/org/ow2/asm/asm/9.1/asm-9.1.jar:/home/sotobotero/.m2/repository/jakarta/xml/bind/jakarta.xml.bind-api/2.3.3/jakarta.xml.bind-api-2.3.3.jar:/home/sotobotero/.m2/repository/jakarta/activation/jakarta.activation-api/1.2.2/jakarta.activation-api-1.2.2.jar:/home/sotobotero/.m2/repository/org/assertj/assertj-core/3.22.0/assertj-core-3.22.0.jar:/home/sotobotero/.m2/repository/org/hamcrest/hamcrest/2.2/hamcrest-2.2.jar:/home/sotobotero/.m2/repository/org/junit/jupiter/junit-jupiter/5.8.2/junit-jupiter-5.8.2.jar:/home/sotobotero/.m2/repository/org/junit/jupiter/junit-jupiter-api/5.8.2/junit-jupiter-api-5.8.2.jar:/home/sotobotero/.m2/repository/org/opentest4j/opentest4j/1.2.0/opentest4j-1.2.0.jar:/home/sotobotero/.m2/repository/org/junit/platform/junit-platform-commons/1.8.2/junit-platform-commons-1.8.2.jar:/home/sotobotero/.m2/repository/org/apiguardian/apiguardian-api/1.1.2/apiguardian-api-1.1.2.jar:/home/sotobotero/.m2/repository/org/junit/jupiter/junit-jupiter-params/5.8.2/junit-jupiter-params-5.8.2.jar:/home/sotobotero/.m2/repository/org/junit/jupiter/junit-jupiter-engine/5.8.2/junit-jupiter-engine-5.8.2.jar:/home/sotobotero/.m2/repository/org/junit/platform/junit-platform-engine/1.8.2/junit-platform-engine-1.8.2.jar:/home/sotobotero/.m2/repository/org/mockito/mockito-junit-jupiter/4.5.1/mockito-junit-jupiter-4.5.1.jar:/home/sotobotero/.m2/repository/org/skyscreamer/jsonassert/1.5.1/jsonassert-1.5.1.jar:/home/sotobotero/.m2/repository/com/vaadin/external/google/android-json/0.0.20131108.vaadin1/android-json-0.0.20131108.vaadin1.jar:/home/sotobotero/.m2/repository/org/springframework/spring-test/5.3.23/spring-test-5.3.23.jar:/home/sotobotero/.m2/repository/org/xmlunit/xmlunit-core/2.9.0/xmlunit-core-2.9.0.jar:"/>
    <property name="sun.cpu.endian" value="little"/>
    <property name="user.home" value="/home/sotobotero"/>
    <property name="user.language" value="en"/>
    <property name="java.specification.vendor" value="Oracle Corporation"/>
    <property name="java.version.date" value="2019-01-15"/>
    <property name="java.home" value="/opt/jdk-11.0.2"/>
    <property name="file.separator" value="/"/>
    <property name="basedir" value="/home/sotobotero/workspace/repositories/personal/digitalthinking-projects/udemy/SpringBoot/paymentchainparenttmp/businessdomain/product"/>
    <property name="java.vm.compressedOopsMode" value="Zero based"/>
    <property name="line.separator" value="&#10;"/>
    <property name="java.specification.name" value="Java Platform API Specification"/>
    <property name="java.vm.specification.vendor" value="Oracle Corporation"/>
    <property name="FILE_LOG_CHARSET" value="UTF-8"/>
    <property name="java.awt.graphicsenv" value="sun.awt.X11GraphicsEnvironment"/>
    <property name="java.awt.headless" value="true"/>
    <property name="sun.management.compiler" value="HotSpot 64-Bit Tiered Compilers"/>
    <property name="java.runtime.version" value="11.0.2+9"/>
    <property name="user.name" value="sotobotero"/>
    <property name="path.separator" value=":"/>
    <property name="os.version" value="5.10.101-amd64-desktop"/>
    <property name="java.runtime.name" value="OpenJDK Runtime Environment"/>
    <property name="file.encoding" value="UTF-8"/>
    <property name="spring.beaninfo.ignore" value="true"/>
    <property name="java.vm.name" value="OpenJDK 64-Bit Server VM"/>
    <property name="java.vendor.version" value="18.9"/>
    <property name="maven.ext.class.path" value="/opt/apache/netbeans-14/netbeans/java/maven-nblib/netbeans-eventspy.jar"/>
    <property name="localRepository" value="/home/sotobotero/.m2/repository"/>
    <property name="java.vendor.url.bug" value="http://bugreport.java.com/bugreport/"/>
    <property name="java.io.tmpdir" value="/tmp"/>
    <property name="com.zaxxer.hikari.pool_number" value="1"/>
    <property name="java.version" value="11.0.2"/>
    <property name="user.dir" value="/home/sotobotero/workspace/repositories/personal/digitalthinking-projects/udemy/SpringBoot/paymentchainparenttmp/businessdomain/product"/>
    <property name="os.arch" value="amd64"/>
    <property name="java.vm.specification.name" value="Java Virtual Machine Specification"/>
    <property name="PID" value="71167"/>
    <property name="java.awt.printerjob" value="sun.print.PSPrinterJob"/>
    <property name="sun.os.patch.level" value="unknown"/>
    <property name="CONSOLE_LOG_CHARSET" value="UTF-8"/>
    <property name="java.library.path" value="/usr/java/packages/lib:/usr/lib64:/lib64:/lib:/usr/lib"/>
    <property name="java.vendor" value="Oracle Corporation"/>
    <property name="java.vm.info" value="mixed mode"/>
    <property name="java.vm.version" value="11.0.2+9"/>
    <property name="sun.io.unicode.encoding" value="UnicodeLittle"/>
    <property name="java.class.version" value="55.0"/>
  </properties>
  <testcase name="contextLoads" classname="com.paymentchain.product.ProductApplicationTests" time="0.118">
    <system-out><![CDATA[12:22:52.848 [main] DEBUG org.springframework.test.context.BootstrapUtils - Instantiating CacheAwareContextLoaderDelegate from class [org.springframework.test.context.cache.DefaultCacheAwareContextLoaderDelegate]
12:22:52.855 [main] DEBUG org.springframework.test.context.BootstrapUtils - Instantiating BootstrapContext using constructor [public org.springframework.test.context.support.DefaultBootstrapContext(java.lang.Class,org.springframework.test.context.CacheAwareContextLoaderDelegate)]
12:22:52.891 [main] DEBUG org.springframework.test.context.BootstrapUtils - Instantiating TestContextBootstrapper for test class [com.paymentchain.product.ProductApplicationTests] from class [org.springframework.boot.test.context.SpringBootTestContextBootstrapper]
12:22:52.900 [main] INFO org.springframework.boot.test.context.SpringBootTestContextBootstrapper - Neither @ContextConfiguration nor @ContextHierarchy found for test class [com.paymentchain.product.ProductApplicationTests], using SpringBootContextLoader
12:22:52.904 [main] DEBUG org.springframework.test.context.support.AbstractContextLoader - Did not detect default resource location for test class [com.paymentchain.product.ProductApplicationTests]: class path resource [com/paymentchain/product/ProductApplicationTests-context.xml] does not exist
12:22:52.905 [main] DEBUG org.springframework.test.context.support.AbstractContextLoader - Did not detect default resource location for test class [com.paymentchain.product.ProductApplicationTests]: class path resource [com/paymentchain/product/ProductApplicationTestsContext.groovy] does not exist
12:22:52.905 [main] INFO org.springframework.test.context.support.AbstractContextLoader - Could not detect default resource locations for test class [com.paymentchain.product.ProductApplicationTests]: no resource found for suffixes {-context.xml, Context.groovy}.
12:22:52.905 [main] INFO org.springframework.test.context.support.AnnotationConfigContextLoaderUtils - Could not detect default configuration classes for test class [com.paymentchain.product.ProductApplicationTests]: ProductApplicationTests does not declare any static, non-private, non-final, nested classes annotated with @Configuration.
12:22:52.961 [main] DEBUG org.springframework.test.context.support.ActiveProfilesUtils - Could not find an 'annotation declaring class' for annotation type [org.springframework.test.context.ActiveProfiles] and class [com.paymentchain.product.ProductApplicationTests]
12:22:53.020 [main] DEBUG org.springframework.context.annotation.ClassPathScanningCandidateComponentProvider - Identified candidate component class: file [/home/sotobotero/workspace/repositories/personal/digitalthinking-projects/udemy/SpringBoot/paymentchainparenttmp/businessdomain/product/target/classes/com/paymentchain/product/ProductApplication.class]
12:22:53.021 [main] INFO org.springframework.boot.test.context.SpringBootTestContextBootstrapper - Found @SpringBootConfiguration com.paymentchain.product.ProductApplication for test class com.paymentchain.product.ProductApplicationTests
12:22:53.094 [main] DEBUG org.springframework.boot.test.context.SpringBootTestContextBootstrapper - @TestExecutionListeners is not present for class [com.paymentchain.product.ProductApplicationTests]: using defaults.
12:22:53.095 [main] INFO org.springframework.boot.test.context.SpringBootTestContextBootstrapper - Loaded default TestExecutionListener class names from location [META-INF/spring.factories]: [org.springframework.boot.test.mock.mockito.MockitoTestExecutionListener, org.springframework.boot.test.mock.mockito.ResetMocksTestExecutionListener, org.springframework.boot.test.autoconfigure.restdocs.RestDocsTestExecutionListener, org.springframework.boot.test.autoconfigure.web.client.MockRestServiceServerResetTestExecutionListener, org.springframework.boot.test.autoconfigure.web.servlet.MockMvcPrintOnlyOnFailureTestExecutionListener, org.springframework.boot.test.autoconfigure.web.servlet.WebDriverTestExecutionListener, org.springframework.boot.test.autoconfigure.webservices.client.MockWebServiceServerTestExecutionListener, org.springframework.test.context.web.ServletTestExecutionListener, org.springframework.test.context.support.DirtiesContextBeforeModesTestExecutionListener, org.springframework.test.context.event.ApplicationEventsTestExecutionListener, org.springframework.test.context.support.DependencyInjectionTestExecutionListener, org.springframework.test.context.support.DirtiesContextTestExecutionListener, org.springframework.test.context.transaction.TransactionalTestExecutionListener, org.springframework.test.context.jdbc.SqlScriptsTestExecutionListener, org.springframework.test.context.event.EventPublishingTestExecutionListener]
12:22:53.107 [main] INFO org.springframework.boot.test.context.SpringBootTestContextBootstrapper - Using TestExecutionListeners: [org.springframework.test.context.web.ServletTestExecutionListener@4721d212, org.springframework.test.context.support.DirtiesContextBeforeModesTestExecutionListener@1b065145, org.springframework.test.context.event.ApplicationEventsTestExecutionListener@45cff11c, org.springframework.boot.test.mock.mockito.MockitoTestExecutionListener@207ea13, org.springframework.boot.test.autoconfigure.SpringBootDependencyInjectionTestExecutionListener@4bff1903, org.springframework.test.context.support.DirtiesContextTestExecutionListener@62dae540, org.springframework.test.context.transaction.TransactionalTestExecutionListener@5827af16, org.springframework.test.context.jdbc.SqlScriptsTestExecutionListener@654d8173, org.springframework.test.context.event.EventPublishingTestExecutionListener@56c9bbd8, org.springframework.boot.test.mock.mockito.ResetMocksTestExecutionListener@630cb4a4, org.springframework.boot.test.autoconfigure.restdocs.RestDocsTestExecutionListener@636e8cc, org.springframework.boot.test.autoconfigure.web.client.MockRestServiceServerResetTestExecutionListener@f79a760, org.springframework.boot.test.autoconfigure.web.servlet.MockMvcPrintOnlyOnFailureTestExecutionListener@14f5da2c, org.springframework.boot.test.autoconfigure.web.servlet.WebDriverTestExecutionListener@12dae582, org.springframework.boot.test.autoconfigure.webservices.client.MockWebServiceServerTestExecutionListener@239b0f9d]
12:22:53.110 [main] DEBUG org.springframework.test.context.support.AbstractDirtiesContextTestExecutionListener - Before test class: context [DefaultTestContext@546ccad7 testClass = ProductApplicationTests, testInstance = [null], testMethod = [null], testException = [null], mergedContextConfiguration = [WebMergedContextConfiguration@5357c287 testClass = ProductApplicationTests, locations = '{}', classes = '{class com.paymentchain.product.ProductApplication}', contextInitializerClasses = '[]', activeProfiles = '{}', propertySourceLocations = '{}', propertySourceProperties = '{org.springframework.boot.test.context.SpringBootTestContextBootstrapper=true}', contextCustomizers = set[org.springframework.boot.test.context.filter.ExcludeFilterContextCustomizer@20435c40, org.springframework.boot.test.json.DuplicateJsonObjectContextCustomizerFactory$DuplicateJsonObjectContextCustomizer@488d1cd7, org.springframework.boot.test.mock.mockito.MockitoContextCustomizer@0, org.springframework.boot.test.web.client.TestRestTemplateContextCustomizer@768fc0f2, org.springframework.boot.test.web.reactive.server.WebTestClientContextCustomizer@41ab013, org.springframework.boot.test.autoconfigure.actuate.metrics.MetricsExportContextCustomizerFactory$DisableMetricExportContextCustomizer@79dc5318, org.springframework.boot.test.autoconfigure.properties.PropertyMappingContextCustomizer@0, org.springframework.boot.test.autoconfigure.web.servlet.WebDriverContextCustomizerFactory$Customizer@432038ec, org.springframework.boot.test.context.SpringBootTestArgs@1, org.springframework.boot.test.context.SpringBootTestWebEnvironment@2b662a77], resourceBasePath = 'src/main/webapp', contextLoader = 'org.springframework.boot.test.context.SpringBootContextLoader', parent = [null]], attributes = map['org.springframework.test.context.web.ServletTestExecutionListener.activateListener' -> true]], class annotated with @DirtiesContext [false] with mode [null].

  .   ____          _            __ _ _
 /\\ / ___'_ __ _ _(_)_ __  __ _ \ \ \ \
( ( )\___ | '_ | '_| | '_ \/ _` | \ \ \ \
 \\/  ___)| |_)| | | | | || (_| |  ) ) ) )
  '  |____| .__|_| |_|_| |_\__, | / / / /
 =========|_|==============|___/=/_/_/_/
 :: Spring Boot ::                (v2.7.5)

2022-11-10 12:22:53.418  INFO 71167 --- [           main] c.p.product.ProductApplicationTests      : Starting ProductApplicationTests using Java 11.0.2 on virgilio with PID 71167 (started by sotobotero in /home/sotobotero/workspace/repositories/personal/digitalthinking-projects/udemy/SpringBoot/paymentchainparenttmp/businessdomain/product)
2022-11-10 12:22:53.420  INFO 71167 --- [           main] c.p.product.ProductApplicationTests      : No active profile set, falling back to 1 default profile: "default"
2022-11-10 12:22:54.150  INFO 71167 --- [           main] .s.d.r.c.RepositoryConfigurationDelegate : Bootstrapping Spring Data JPA repositories in DEFAULT mode.
2022-11-10 12:22:54.270  INFO 71167 --- [           main] .s.d.r.c.RepositoryConfigurationDelegate : Finished Spring Data repository scanning in 112 ms. Found 1 JPA repository interfaces.
2022-11-10 12:22:54.813  INFO 71167 --- [           main] com.zaxxer.hikari.HikariDataSource       : HikariPool-1 - Starting...
2022-11-10 12:22:55.031  INFO 71167 --- [           main] com.zaxxer.hikari.HikariDataSource       : HikariPool-1 - Start completed.
2022-11-10 12:22:55.088  INFO 71167 --- [           main] o.hibernate.jpa.internal.util.LogHelper  : HHH000204: Processing PersistenceUnitInfo [name: default]
2022-11-10 12:22:55.137  INFO 71167 --- [           main] org.hibernate.Version                    : HHH000412: Hibernate ORM core version 5.6.12.Final
2022-11-10 12:22:55.311  INFO 71167 --- [           main] o.hibernate.annotations.common.Version   : HCANN000001: Hibernate Commons Annotations {5.1.2.Final}
2022-11-10 12:22:55.420  INFO 71167 --- [           main] org.hibernate.dialect.Dialect            : HHH000400: Using dialect: org.hibernate.dialect.H2Dialect
2022-11-10 12:22:55.919  INFO 71167 --- [           main] o.h.e.t.j.p.i.JtaPlatformInitiator       : HHH000490: Using JtaPlatform implementation: [org.hibernate.engine.transaction.jta.platform.internal.NoJtaPlatform]
2022-11-10 12:22:55.925  INFO 71167 --- [           main] j.LocalContainerEntityManagerFactoryBean : Initialized JPA EntityManagerFactory for persistence unit 'default'
2022-11-10 12:22:56.656  WARN 71167 --- [           main] JpaBaseConfiguration$JpaWebConfiguration : spring.jpa.open-in-view is enabled by default. Therefore, database queries may be performed during view rendering. Explicitly configure spring.jpa.open-in-view to disable this warning
2022-11-10 12:22:57.990  INFO 71167 --- [           main] c.p.product.ProductApplicationTests      : Started ProductApplicationTests in 4.851 seconds (JVM running for 5.787)
]]></system-out>
  </testcase>
</testsuite>